2025-04-01T23:34:48.576Z [ERROR]: Error in register: User validation failed: username: Path `username` is required., role: `doctor` is not a valid enum value for path `role`. {"errors":{"username":{"name":"ValidatorError","message":"Path `username` is required.","properties":{"message":"Path `username` is required.","type":"required","path":"username"},"kind":"required","path":"username"},"role":{"name":"ValidatorError","message":"`doctor` is not a valid enum value for path `role`.","properties":{"message":"`doctor` is not a valid enum value for path `role`.","type":"enum","enumValues":["admin","docker","staff"],"path":"role","value":"doctor"},"kind":"enum","path":"role","value":"doctor"}},"_message":"User validation failed","stack":"ValidationError: User validation failed: username: Path `username` is required., role: `doctor` is not a valid enum value for path `role`.\n    at model.Document.invalidate (D:\\projects\\HBMS\\HBMS-backend\\node_modules\\mongoose\\lib\\document.js:3329:32)\n    at D:\\projects\\HBMS\\HBMS-backend\\node_modules\\mongoose\\lib\\document.js:3090:17\n    at D:\\projects\\HBMS\\HBMS-backend\\node_modules\\mongoose\\lib\\schemaType.js:1407:9\n    at processTicksAndRejections (node:internal/process/task_queues:77:11)"}
2025-04-01T23:37:54.471Z [ERROR]: Error in register: User validation failed: role: `doctor` is not a valid enum value for path `role`. {"errors":{"role":{"name":"ValidatorError","message":"`doctor` is not a valid enum value for path `role`.","properties":{"message":"`doctor` is not a valid enum value for path `role`.","type":"enum","enumValues":["admin","docker","staff"],"path":"role","value":"doctor"},"kind":"enum","path":"role","value":"doctor"}},"_message":"User validation failed","stack":"ValidationError: User validation failed: role: `doctor` is not a valid enum value for path `role`.\n    at model.Document.invalidate (D:\\projects\\HBMS\\HBMS-backend\\node_modules\\mongoose\\lib\\document.js:3329:32)\n    at D:\\projects\\HBMS\\HBMS-backend\\node_modules\\mongoose\\lib\\document.js:3090:17\n    at D:\\projects\\HBMS\\HBMS-backend\\node_modules\\mongoose\\lib\\schemaType.js:1407:9\n    at processTicksAndRejections (node:internal/process/task_queues:77:11)"}
2025-04-01T23:49:09.065Z [ERROR]: Error in login: secretOrPrivateKey must have a value {"stack":"Error: secretOrPrivateKey must have a value\n    at Object.module.exports [as sign] (D:\\projects\\HBMS\\HBMS-backend\\node_modules\\jsonwebtoken\\sign.js:111:20)\n    at D:\\projects\\HBMS\\HBMS-backend\\src\\controllers\\userController.ts:46:27\n    at Generator.next (<anonymous>)\n    at fulfilled (D:\\projects\\HBMS\\HBMS-backend\\src\\controllers\\userController.ts:5:58)"}
2025-04-01T23:53:18.957Z [ERROR]: JWT_SECRET is not defined in environment variables 
2025-04-01T23:58:24.904Z [ERROR]: JWT_SECRET is not defined in environment variables 
2025-04-01T23:58:52.320Z [ERROR]: JWT_SECRET is not defined in environment variables 
